<?xml version="1.0" encoding="UTF-8"?>
<!-- Generated by org.testng.reporters.JUnitReportReporter -->
<testsuite hostname="Vinaymalkhed" failures="0" tests="1" name="testCases.Registeruser" time="7.009" errors="0" timestamp="2024-09-26T15:38:32 IST" skipped="0">
  <testcase classname="testCases.Registeruser" name="verifyuserregistration" time="7.009"/>
</testsuite> <!-- testCases.Registeruser -->
